09/15/22 5:26:12: main.scss - Undefined variable $breakpoint-medium: main.scss on line 58, at column 2
09/15/22 5:28:13: main.scss - Undefined variable $breakpoint-medium: main.scss on line 58, at column 2
09/16/22 12:35:15: main.scss - Undefined variable $yellow: components/_button.scss on line 23, at column 13
Call Stack:
#0 import components/_button.scss main.scss on line 26
09/16/22 12:35:30: main.scss - parse error: failed at `$yellow:#CCFF00` /home/resellerx/public_html/ssin.org.au/wp-content/themes/divi-child/scss/abstracts/_variables.scss on line 18, at column 1
10/07/22 4:07:52: main.scss - parse error: failed at `&:last-child){` /home/resellerx/public_html/ssin.org.au/wp-content/themes/divi-child/scss/layout/_header.scss on line 177, at column 33
10/10/22 4:05:00: main.scss - Undefined variable $orange: pages/_post.scss on line 116, at column 4
Call Stack:
#0 import pages/_post.scss pages/_maintenance.scss on line 127
10/20/22 10:38:04: main.scss - Undefined variable $white: base/_typography.scss on line 11, at column 5
Call Stack:
#0 import base/_typography.scss base/_base.scss on line 6
10/20/22 10:38:09: main.scss - Undefined variable $white: base/_typography.scss on line 11, at column 5
Call Stack:
#0 import base/_typography.scss main.scss on line 14
10/20/22 10:38:17: main.scss - Undefined variable $white: base/_typography.scss on line 11, at column 5
Call Stack:
#0 import base/_typography.scss main.scss on line 14
10/20/22 10:38:25: main.scss - Undefined variable $white: base/_typography.scss on line 11, at column 5
Call Stack:
#0 import base/_typography.scss main.scss on line 14
10/20/22 10:38:31: main.scss - Undefined variable $black: layout/_header.scss on line 12, at column 5
Call Stack:
#0 import layout/_header.scss main.scss on line 21
10/20/22 10:38:32: main.scss - Undefined variable $black: layout/_header.scss on line 12, at column 5
Call Stack:
#0 import layout/_header.scss main.scss on line 21
10/20/22 10:38:33: main.scss - Undefined variable $black: layout/_header.scss on line 12, at column 5
Call Stack:
#0 import layout/_header.scss main.scss on line 21
10/20/22 10:38:46: main.scss - Undefined variable $black: layout/_header.scss on line 12, at column 5
Call Stack:
#0 import layout/_header.scss main.scss on line 21
10/20/22 10:38:47: main.scss - Undefined variable $black: layout/_header.scss on line 12, at column 5
Call Stack:
#0 import layout/_header.scss main.scss on line 21
10/20/22 10:38:50: main.scss - Undefined variable $black: layout/_header.scss on line 12, at column 5
Call Stack:
#0 import layout/_header.scss main.scss on line 21
10/20/22 10:38:51: main.scss - Undefined variable $black: layout/_header.scss on line 12, at column 5
Call Stack:
#0 import layout/_header.scss main.scss on line 21
10/20/22 10:38:54: main.scss - Undefined variable $black: layout/_header.scss on line 12, at column 5
Call Stack:
#0 import layout/_header.scss main.scss on line 21
10/20/22 10:38:54: main.scss - Undefined variable $black: layout/_header.scss on line 12, at column 5
Call Stack:
#0 import layout/_header.scss main.scss on line 21
10/20/22 10:38:58: main.scss - Undefined variable $black: layout/_header.scss on line 12, at column 5
Call Stack:
#0 import layout/_header.scss main.scss on line 21
10/20/22 10:38:59: main.scss - Undefined variable $black: layout/_header.scss on line 12, at column 5
Call Stack:
#0 import layout/_header.scss main.scss on line 21
10/20/22 10:39:02: main.scss - Undefined variable $black: layout/_header.scss on line 12, at column 5
Call Stack:
#0 import layout/_header.scss main.scss on line 21
10/20/22 10:39:03: main.scss - Undefined variable $black: layout/_header.scss on line 12, at column 5
Call Stack:
#0 import layout/_header.scss main.scss on line 21
10/20/22 10:39:11: main.scss - Undefined variable $black: layout/_header.scss on line 12, at column 5
Call Stack:
#0 import layout/_header.scss main.scss on line 21
10/20/22 10:39:12: main.scss - Undefined variable $white: pages/_home.scss on line 17, at column 9
Call Stack:
#0 import pages/_home.scss main.scss on line 34
10/20/22 10:39:15: main.scss - Undefined variable $white: pages/_home.scss on line 17, at column 9
Call Stack:
#0 import pages/_home.scss main.scss on line 34
10/20/22 10:39:16: main.scss - Undefined variable $white: pages/_home.scss on line 17, at column 9
Call Stack:
#0 import pages/_home.scss main.scss on line 34
10/20/22 10:39:18: main.scss - Undefined variable $white: pages/_home.scss on line 17, at column 9
Call Stack:
#0 import pages/_home.scss main.scss on line 34
10/20/22 10:39:19: main.scss - Undefined variable $white: pages/_home.scss on line 17, at column 9
Call Stack:
#0 import pages/_home.scss main.scss on line 34
10/20/22 10:39:21: main.scss - Undefined variable $white: pages/_home.scss on line 17, at column 9
Call Stack:
#0 import pages/_home.scss main.scss on line 34
10/20/22 10:39:22: main.scss - Undefined variable $white: pages/_home.scss on line 17, at column 9
Call Stack:
#0 import pages/_home.scss main.scss on line 34
10/20/22 10:39:28: main.scss - Undefined variable $white: pages/_home.scss on line 17, at column 9
Call Stack:
#0 import pages/_home.scss main.scss on line 34
10/20/22 10:39:29: main.scss - Undefined variable $alert: pages/_login.scss on line 5, at column 9
Call Stack:
#0 import pages/_login.scss pages/_team.scss on line 40
10/20/22 10:39:31: main.scss - Undefined variable $alert: pages/_login.scss on line 5, at column 9
Call Stack:
#0 import pages/_login.scss pages/_team.scss on line 40
10/20/22 10:39:32: main.scss - Undefined variable $yellow: pages/_maintenance.scss on line 30, at column 9
Call Stack:
#0 import pages/_maintenance.scss pages/_team.scss on line 40
10/20/22 10:39:34: main.scss - Undefined variable $yellow: pages/_maintenance.scss on line 30, at column 9
Call Stack:
#0 import pages/_maintenance.scss pages/_team.scss on line 40
10/20/22 10:39:35: main.scss - Undefined variable $black: pages/_post.scss on line 4, at column 5
Call Stack:
#0 import pages/_post.scss pages/_team.scss on line 40
10/20/22 10:39:41: main.scss - Undefined variable $black: pages/_post.scss on line 4, at column 5
Call Stack:
#0 import pages/_post.scss pages/_team.scss on line 40
10/20/22 10:39:42: main.scss - Undefined variable $black: pages/_post.scss on line 4, at column 5
Call Stack:
#0 import pages/_post.scss pages/_team.scss on line 40
10/20/22 10:39:43: main.scss - Undefined variable $black: pages/_post.scss on line 4, at column 5
Call Stack:
#0 import pages/_post.scss pages/_team.scss on line 40
10/20/22 10:39:50: main.scss - Undefined variable $black: pages/_search.scss on line 3, at column 2
Call Stack:
#0 import pages/_search.scss pages/_team.scss on line 40
